<?xml version="1.0" encoding="UTF-8"?>
<!-- Generated by org.testng.reporters.JUnitReportReporter -->
<testsuite skipped="0" hostname="DESKTOP-QA7T95C" name="testng.CrossBrowserTesting" tests="4" failures="0" timestamp="2022-03-14T22:08:11 IST" time="156.263" errors="0">
  <testcase name="googleSearchTest" time="45.191" classname="testng.CrossBrowserTesting"/>
  <system-out/>
  <testcase name="bingSearchTest" time="49.837" classname="testng.CrossBrowserTesting"/>
  <system-out/>
  <testcase name="bingSearchTest" time="15.016" classname="testng.CrossBrowserTesting"/>
  <system-out/>
  <testcase name="googleSearchTest" time="46.219" classname="testng.CrossBrowserTesting"/>
  <system-out/>
</testsuite> <!-- testng.CrossBrowserTesting -->
