<?xml version="1.0" encoding="UTF-8"?>
<!-- Generated by org.testng.reporters.JUnitReportReporter -->
<testsuite skipped="0" hostname="DESKTOP-QA7T95C" name="testng.LoginPageTest" tests="1" failures="0" timestamp="2022-03-11T22:31:21 IST" time="56.273" errors="0">
  <testcase name="validateLoginTest" time="56.273" classname="testng.LoginPageTest"/>
  <system-out/>
</testsuite> <!-- testng.LoginPageTest -->
