<?xml version="1.0" encoding="UTF-8"?>
<!-- Generated by org.testng.reporters.JUnitReportReporter -->
<testsuite skipped="0" hostname="DESKTOP-QA7T95C" name="testng.InvokationCount" tests="4" failures="0" timestamp="2022-03-11T22:14:09 IST" time="137.509" errors="0">
  <testcase name="googleSearchTest" time="48.709" classname="testng.InvokationCount"/>
  <system-out/>
  <testcase name="googleSearchTest" time="24.916" classname="testng.InvokationCount"/>
  <system-out/>
  <testcase name="googleSearchTest" time="26.306" classname="testng.InvokationCount"/>
  <system-out/>
  <testcase name="gmailLinkTest" time="37.578" classname="testng.InvokationCount"/>
  <system-out/>
</testsuite> <!-- testng.InvokationCount -->
