<?xml version="1.0" encoding="UTF-8"?>
<!-- Generated by org.testng.reporters.JUnitReportReporter -->
<testsuite skipped="1" hostname="DESKTOP-QA7T95C" name="testng.Priority" tests="3" failures="0" timestamp="2022-03-08T21:50:34 IST" time="24.075" errors="0">
  <testcase name="googleSearchTest" time="12.313" classname="testng.Priority"/>
  <system-out/>
  <testcase name="gmailLinkTest" time="11.762" classname="testng.Priority"/>
  <system-out/>
  <testcase name="imageLinkTest1" classname="testng.Priority">
    <skipped/>
  </testcase> <!-- imageLinkTest1 -->
  <system-out/>
</testsuite> <!-- testng.Priority -->
