<?xml version="1.0" encoding="UTF-8"?>
<!-- Generated by org.testng.reporters.JUnitReportReporter -->
<testsuite skipped="0" hostname="DESKTOP-QA7T95C" name="testng.AnnotationsExecutionFlow" tests="1" failures="0" timestamp="2022-03-08T21:20:02 IST" time="0.029" errors="0">
  <testcase name="test1" time="0.029" classname="testng.AnnotationsExecutionFlow"/>
  <system-out/>
</testsuite> <!-- testng.AnnotationsExecutionFlow -->
