<?xml version="1.0" encoding="UTF-8"?>
<!-- Generated by org.testng.reporters.JUnitReportReporter -->
<testsuite skipped="0" hostname="DESKTOP-QA7T95C" name="testng.LoginPageTest" tests="4" failures="0" timestamp="2022-03-17T22:33:22 IST" time="92.822" errors="0">
  <testcase name="validateLoginTest1" time="23.888" classname="testng.LoginPageTest"/>
  <system-out/>
  <testcase name="validateLoginTest1" time="23.903" classname="testng.LoginPageTest"/>
  <system-out/>
  <testcase name="validateLoginTest1" time="24.511" classname="testng.LoginPageTest"/>
  <system-out/>
  <testcase name="validateLoginTest1" time="20.520" classname="testng.LoginPageTest"/>
  <system-out/>
</testsuite> <!-- testng.LoginPageTest -->
